0 verbose cli C:\Program Files\nodejs\node.exe C:\Program Files\nodejs\node_modules\npm\bin\npm-cli.js
1 info using npm@10.8.1
2 info using node@v22.3.0
3 silly config load:file:C:\Program Files\nodejs\node_modules\npm\npmrc
4 silly config load:file:C:\Users\sachi\OneDrive\Desktop\New folder\react-project\.npmrc
5 silly config load:file:C:\Users\sachi\.npmrc
6 silly config load:file:C:\Users\sachi\OneDrive\Desktop\New folder\react-project\UserssachiAppDataRoamingnpm\etc\npmrc
7 verbose title npm create vite@latest
8 verbose argv "create" "vite@latest"
9 verbose logfile logs-max:10 dir:C:\Users\sachi\OneDrive\Desktop\New folder\react-project\UserssachiAppDataRoamingnpm-cache\_logs\2024-07-25T07_36_30_182Z-
10 verbose logfile C:\Users\sachi\OneDrive\Desktop\New folder\react-project\UserssachiAppDataRoamingnpm-cache\_logs\2024-07-25T07_36_30_182Z-debug-0.log
11 silly logfile done cleaning log files
12 silly packumentCache heap:2197815296 maxSize:549453824 maxEntrySize:274726912
13 http fetch GET 200 https://registry.npmjs.org/create-vite 458ms (cache miss)
14 silly packumentCache heap:2197815296 maxSize:549453824 maxEntrySize:274726912
15 http fetch GET 200 https://registry.npmjs.org/npm 1058ms
16 silly idealTree buildDeps
17 silly fetch manifest create-vite@5.4.0
18 silly packumentCache full:https://registry.npmjs.org/create-vite cache-miss
19 http fetch GET 200 https://registry.npmjs.org/create-vite 227ms (cache miss)
20 silly packumentCache full:https://registry.npmjs.org/create-vite set size:undefined disposed:false
21 silly placeDep ROOT create-vite@5.4.0 OK for:  want: 5.4.0
22 silly reify moves {}
23 silly audit bulk request { 'create-vite': [ '5.4.0' ] }
24 silly tarball no local data for create-vite@https://registry.npmjs.org/create-vite/-/create-vite-5.4.0.tgz. Extracting by manifest.
25 http fetch POST 200 https://registry.npmjs.org/-/npm/v1/security/advisories/bulk 328ms
26 silly audit report {}
27 http fetch GET 200 https://registry.npmjs.org/create-vite/-/create-vite-5.4.0.tgz 545ms (cache miss)
28 verbose cwd C:\Users\sachi\OneDrive\Desktop\New folder\react-project
29 verbose os Windows_NT 10.0.22631
30 verbose node v22.3.0
31 verbose npm  v10.8.1
32 notice
32 notice New [36mpatch[39m version of npm available! [36m10.8.1[39m -> [34m10.8.2[39m
32 notice Changelog: [34mhttps://github.com/npm/cli/releases/tag/v10.8.2[39m
32 notice To update run: [4mnpm install -g npm@10.8.2[24m
32 notice  { force: true, [Symbol(proc-log.meta)]: true }
33 verbose exit 0
34 info ok
